<?xml version="1.0" encoding="UTF-8"?>
<robot generator="Robot 4.1.3 (Python 3.10.3 on win32)" generated="20230924 22:14:07.502" rpa="false" schemaversion="2">
<suite id="s1" name="buscaHotel" source="C:\Users\Telmara\OneDrive\Área de Trabalho\Prova Bemol QA\Etapa 3\Trivago\Tests\buscaHotel.robot">
<test id="s1-t1" name="Cenario1: Pesquisar Melhor hotel de Manaus de acordo com a Avaliacao e Sugestoes">
<kw name="Start Session" library="BasePage" type="SETUP">
<kw name="Open Browser" library="SeleniumLibrary">
<arg>about:blank</arg>
<arg>${BROWSER}</arg>
<doc>Opens a new browser instance to the optional ``url``.</doc>
<msg timestamp="20230924 22:14:07.702" level="INFO">Opening browser 'Chrome' to base url 'about:blank'.</msg>
<status status="PASS" starttime="20230924 22:14:07.702" endtime="20230924 22:14:09.044"/>
</kw>
<kw name="Go To" library="SeleniumLibrary">
<arg>${BASEURL}</arg>
<doc>Navigates the current browser window to the provided ``url``.</doc>
<msg timestamp="20230924 22:14:09.045" level="INFO">Opening url 'https://trivago.com.br'</msg>
<status status="PASS" starttime="20230924 22:14:09.044" endtime="20230924 22:14:13.785"/>
</kw>
<kw name="Set Selenium Implicit Wait" library="SeleniumLibrary">
<arg>${TIMEOUT}</arg>
<doc>Sets the implicit wait value used by Selenium.</doc>
<status status="PASS" starttime="20230924 22:14:13.785" endtime="20230924 22:14:13.786"/>
</kw>
<kw name="Get Title" library="SeleniumLibrary">
<var>${PageTitle}</var>
<doc>Returns the title of the current page.</doc>
<msg timestamp="20230924 22:14:13.794" level="INFO">${PageTitle} = trivago.com.br - Comparar preços de hotéis no mundo inteiro</msg>
<status status="PASS" starttime="20230924 22:14:13.786" endtime="20230924 22:14:13.794"/>
</kw>
<kw name="Log" library="BuiltIn">
<arg>${PageTitle}</arg>
<doc>Logs the given message with the given level.</doc>
<msg timestamp="20230924 22:14:13.795" level="INFO">trivago.com.br - Comparar preços de hotéis no mundo inteiro</msg>
<status status="PASS" starttime="20230924 22:14:13.794" endtime="20230924 22:14:13.795"/>
</kw>
<kw name="Maximize Browser Window" library="SeleniumLibrary">
<doc>Maximizes current browser window.</doc>
<status status="PASS" starttime="20230924 22:14:13.795" endtime="20230924 22:14:14.010"/>
</kw>
<kw name="Sleep" library="BuiltIn">
<arg>6</arg>
<doc>Pauses the test executed for the given time.</doc>
<msg timestamp="20230924 22:14:20.011" level="INFO">Slept 6 seconds</msg>
<status status="PASS" starttime="20230924 22:14:14.010" endtime="20230924 22:14:20.011"/>
</kw>
<status status="PASS" starttime="20230924 22:14:07.701" endtime="20230924 22:14:20.011"/>
</kw>
<kw name="Dado que eu estou na pagina de busca do trivago" library="steps">
<kw name="Wait Until Element Is Visible" library="SeleniumLibrary">
<arg>${titulo}</arg>
<doc>Waits until the element ``locator`` is visible.</doc>
<status status="PASS" starttime="20230924 22:14:20.012" endtime="20230924 22:14:20.106"/>
</kw>
<kw name="Page Should Contain" library="SeleniumLibrary">
<arg>Comparamos preços de hotéis de vários sites</arg>
<doc>Verifies that current page contains ``text``.</doc>
<msg timestamp="20230924 22:14:20.121" level="INFO">Current page contains text 'Comparamos preços de hotéis de vários sites'.</msg>
<status status="PASS" starttime="20230924 22:14:20.106" endtime="20230924 22:14:20.121"/>
</kw>
<status status="PASS" starttime="20230924 22:14:20.012" endtime="20230924 22:14:20.121"/>
</kw>
<kw name="Quando eu insiro a cidade &quot;Manaus&quot; no campo de busca" library="steps">
<kw name="Click Element" library="SeleniumLibrary">
<arg>${cidade}</arg>
<doc>Click the element identified by ``locator``.</doc>
<msg timestamp="20230924 22:14:20.123" level="INFO">Clicking element 'id = input-auto-complete'.</msg>
<status status="PASS" starttime="20230924 22:14:20.122" endtime="20230924 22:14:20.291"/>
</kw>
<kw name="Input Text" library="SeleniumLibrary">
<arg>${cidade}</arg>
<arg>Manaus</arg>
<doc>Types the given ``text`` into the text field identified by ``locator``.</doc>
<msg timestamp="20230924 22:14:20.292" level="INFO">Typing text 'Manaus' into text field 'id = input-auto-complete'.</msg>
<status status="PASS" starttime="20230924 22:14:20.292" endtime="20230924 22:14:20.424"/>
</kw>
<kw name="Wait Until Page Contains Element" library="SeleniumLibrary">
<arg>${manaus}</arg>
<doc>Waits until the element ``locator`` appears on the current page.</doc>
<status status="PASS" starttime="20230924 22:14:20.424" endtime="20230924 22:14:21.017"/>
</kw>
<kw name="Click Element" library="SeleniumLibrary">
<arg>${manaus}</arg>
<doc>Click the element identified by ``locator``.</doc>
<msg timestamp="20230924 22:14:21.018" level="INFO">Clicking element 'xpath = //div[@data-testid='ssg-element']//div'.</msg>
<status status="PASS" starttime="20230924 22:14:21.017" endtime="20230924 22:14:21.135"/>
</kw>
<status status="PASS" starttime="20230924 22:14:20.122" endtime="20230924 22:14:21.135"/>
</kw>
<kw name="E insiro uma data de entrada" library="steps">
<kw name="Press Keys" library="SeleniumLibrary">
<arg>${entrada}</arg>
<arg>ENTER</arg>
<doc>Simulates the user pressing key(s) to an element or on the active browser.</doc>
<msg timestamp="20230924 22:14:21.137" level="INFO">Sending key(s) ('ENTER',) to xpath = //button[@data-testid='search-form-calendar-checkin']//span element.</msg>
<msg timestamp="20230924 22:14:21.583" level="INFO">Pressing special key ENTER to element.</msg>
<msg timestamp="20230924 22:14:21.583" level="INFO">Releasing special key ENTER.</msg>
<status status="PASS" starttime="20230924 22:14:21.136" endtime="20230924 22:14:21.663"/>
</kw>
<kw name="Wait Until Page Contains Element" library="SeleniumLibrary">
<arg>${dataentrada}</arg>
<doc>Waits until the element ``locator`` appears on the current page.</doc>
<status status="PASS" starttime="20230924 22:14:21.665" endtime="20230924 22:14:21.680"/>
</kw>
<kw name="Click Element" library="SeleniumLibrary">
<arg>${dataentrada}</arg>
<doc>Click the element identified by ``locator``.</doc>
<msg timestamp="20230924 22:14:21.680" level="INFO">Clicking element 'xpath = //button[@data-testid='valid-calendar-day-2023-10-15']//time[1]'.</msg>
<status status="PASS" starttime="20230924 22:14:21.680" endtime="20230924 22:14:21.787"/>
</kw>
<status status="PASS" starttime="20230924 22:14:21.136" endtime="20230924 22:14:21.788"/>
</kw>
<kw name="E insiro uma data de saida" library="steps">
<kw name="Press Keys" library="SeleniumLibrary">
<arg>${datasaida}</arg>
<arg>ENTER</arg>
<doc>Simulates the user pressing key(s) to an element or on the active browser.</doc>
<msg timestamp="20230924 22:14:21.790" level="INFO">Sending key(s) ('ENTER',) to xpath = //button[@data-testid='valid-calendar-day-2023-10-20']//time[1] element.</msg>
<msg timestamp="20230924 22:14:22.123" level="INFO">Pressing special key ENTER to element.</msg>
<msg timestamp="20230924 22:14:22.123" level="INFO">Releasing special key ENTER.</msg>
<status status="PASS" starttime="20230924 22:14:21.789" endtime="20230924 22:14:22.164"/>
</kw>
<kw name="Wait Until Page Contains Element" library="SeleniumLibrary">
<arg>${busca _btn}</arg>
<doc>Waits until the element ``locator`` appears on the current page.</doc>
<status status="PASS" starttime="20230924 22:14:22.164" endtime="20230924 22:14:22.188"/>
</kw>
<kw name="Click Element" library="SeleniumLibrary">
<arg>xpath = //button[text()='Confirmar']</arg>
<doc>Click the element identified by ``locator``.</doc>
<msg timestamp="20230924 22:14:22.190" level="INFO">Clicking element 'xpath = //button[text()='Confirmar']'.</msg>
<status status="PASS" starttime="20230924 22:14:22.189" endtime="20230924 22:14:22.309"/>
</kw>
<status status="PASS" starttime="20230924 22:14:21.788" endtime="20230924 22:14:22.310"/>
</kw>
<kw name="E clico no botao &quot;Pesquisar&quot;" library="steps">
<kw name="Click Element" library="SeleniumLibrary">
<arg>${busca_btn}</arg>
<doc>Click the element identified by ``locator``.</doc>
<msg timestamp="20230924 22:14:22.311" level="INFO">Clicking element 'xpath = //span[text()='Pesquisar']'.</msg>
<status status="PASS" starttime="20230924 22:14:22.311" endtime="20230924 22:14:22.405"/>
</kw>
<kw name="Sleep" library="BuiltIn">
<arg>30</arg>
<doc>Pauses the test executed for the given time.</doc>
<msg timestamp="20230924 22:14:52.411" level="INFO">Slept 30 seconds</msg>
<status status="PASS" starttime="20230924 22:14:22.405" endtime="20230924 22:14:52.411"/>
</kw>
<status status="PASS" starttime="20230924 22:14:22.310" endtime="20230924 22:14:52.411"/>
</kw>
<kw name="E Seleciono a opcao ordenar por “Avaliação e Sugestões&quot;" library="steps">
<kw name="Click Element" library="SeleniumLibrary">
<arg>${ordenar}</arg>
<doc>Click the element identified by ``locator``.</doc>
<msg timestamp="20230924 22:14:52.413" level="INFO">Clicking element 'xpath = //label[text()='Ordenar por']/following-sibling::select'.</msg>
<status status="PASS" starttime="20230924 22:14:52.412" endtime="20230924 22:14:52.479"/>
</kw>
<kw name="Select From List By Value" library="SeleniumLibrary">
<arg>${ordenar}</arg>
<arg>6</arg>
<doc>Selects options from selection list ``locator`` by ``values``.</doc>
<msg timestamp="20230924 22:14:52.480" level="INFO">Selecting options from selection list 'xpath = //label[text()='Ordenar por']/following-sibling::select' by value 6.</msg>
<status status="PASS" starttime="20230924 22:14:52.479" endtime="20230924 22:14:52.768"/>
</kw>
<status status="PASS" starttime="20230924 22:14:52.412" endtime="20230924 22:14:52.768"/>
</kw>
<kw name="Então deve ser mostrado uma lista de Hoteis" library="steps">
<kw name="Wait Until Page Contains Element" library="SeleniumLibrary">
<arg>xpath = //span[text()='Estadias encontradas: ']</arg>
<doc>Waits until the element ``locator`` appears on the current page.</doc>
<status status="PASS" starttime="20230924 22:14:52.769" endtime="20230924 22:14:52.824"/>
</kw>
<kw name="Element Text Should Be" library="SeleniumLibrary">
<arg>${hotel_title}</arg>
<arg>Hotel Express Vieiralves</arg>
<doc>Verifies that element ``locator`` contains exact the text ``expected``.</doc>
<msg timestamp="20230924 22:14:52.826" level="INFO">Verifying element 'xpath = //span[@title='Hotel Express Vieiralves']' contains exact text 'Hotel Express Vieiralves'.</msg>
<status status="PASS" starttime="20230924 22:14:52.825" endtime="20230924 22:14:55.224"/>
</kw>
<status status="PASS" starttime="20230924 22:14:52.769" endtime="20230924 22:14:55.224"/>
</kw>
<kw name="E verifico os dados do hotel, nome, valor, avaliação" library="steps">
<kw name="Click Element" library="SeleniumLibrary">
<arg>${hotel_title}</arg>
<doc>Click the element identified by ``locator``.</doc>
<msg timestamp="20230924 22:14:55.226" level="INFO">Clicking element 'xpath = //span[@title='Hotel Express Vieiralves']'.</msg>
<status status="PASS" starttime="20230924 22:14:55.226" endtime="20230924 22:14:55.736"/>
</kw>
<kw name="Click Element" library="SeleniumLibrary">
<arg>${hotel_destaques}</arg>
<doc>Click the element identified by ``locator``.</doc>
<msg timestamp="20230924 22:14:55.737" level="INFO">Clicking element 'xpath = //button[text()='Destaques']'.</msg>
<status status="PASS" starttime="20230924 22:14:55.737" endtime="20230924 22:14:56.117"/>
</kw>
<status status="PASS" starttime="20230924 22:14:55.225" endtime="20230924 22:14:56.117"/>
</kw>
<kw name="Close Session" library="BasePage" type="TEARDOWN">
<kw name="Capture Page Screenshot" library="SeleniumLibrary">
<doc>Takes a screenshot of the current page and embeds it into a log file.</doc>
<msg timestamp="20230924 22:14:56.532" level="INFO" html="true">&lt;/td&gt;&lt;/tr&gt;&lt;tr&gt;&lt;td colspan="3"&gt;&lt;a href="selenium-screenshot-1.png"&gt;&lt;img src="selenium-screenshot-1.png" width="800px"&gt;&lt;/a&gt;</msg>
<status status="PASS" starttime="20230924 22:14:56.118" endtime="20230924 22:14:56.532"/>
</kw>
<kw name="Close Browser" library="SeleniumLibrary">
<doc>Closes the current browser.</doc>
<status status="PASS" starttime="20230924 22:14:56.532" endtime="20230924 22:14:58.990"/>
</kw>
<status status="PASS" starttime="20230924 22:14:56.118" endtime="20230924 22:14:58.991"/>
</kw>
<status status="PASS" starttime="20230924 22:14:07.701" endtime="20230924 22:14:58.991"/>
</test>
<status status="PASS" starttime="20230924 22:14:07.504" endtime="20230924 22:14:58.993"/>
</suite>
<statistics>
<total>
<stat pass="1" fail="0" skip="0">All Tests</stat>
</total>
<tag>
</tag>
<suite>
<stat pass="1" fail="0" skip="0" id="s1" name="buscaHotel">buscaHotel</stat>
</suite>
</statistics>
<errors>
</errors>
</robot>
