<?xml version="1.0" encoding="UTF-8"?>
<robot generator="Robot 4.1.3 (Python 3.10.3 on win32)" generated="20230921 14:05:11.604" rpa="false" schemaversion="2">
<suite id="s1" name="Busca" source="C:\Users\Telmara\OneDrive\Área de Trabalho\Prova Bemol QA\Etapa 2\Correios\Tests\busca.robot">
<test id="s1-t1" name="Cenario1: Pesquisa cep &quot;69005-040&quot;">
<kw name="Start Session" library="BasePage" type="SETUP">
<kw name="Open Browser" library="SeleniumLibrary">
<arg>about:blank</arg>
<arg>${BROWSER}</arg>
<doc>Opens a new browser instance to the optional ``url``.</doc>
<msg timestamp="20230921 14:05:11.813" level="INFO">Opening browser 'Chrome' to base url 'about:blank'.</msg>
<status status="PASS" starttime="20230921 14:05:11.813" endtime="20230921 14:05:12.927"/>
</kw>
<kw name="Go To" library="SeleniumLibrary">
<arg>${BASEURL}</arg>
<doc>Navigates the current browser window to the provided ``url``.</doc>
<msg timestamp="20230921 14:05:12.927" level="INFO">Opening url 'https://buscacepinter.correios.com.br/app/endereco/index.php'</msg>
<status status="PASS" starttime="20230921 14:05:12.927" endtime="20230921 14:05:13.971"/>
</kw>
<kw name="Set Selenium Implicit Wait" library="SeleniumLibrary">
<arg>${TIMEOUT}</arg>
<doc>Sets the implicit wait value used by Selenium.</doc>
<status status="PASS" starttime="20230921 14:05:13.971" endtime="20230921 14:05:13.972"/>
</kw>
<kw name="Get Title" library="SeleniumLibrary">
<var>${PageTitle}</var>
<doc>Returns the title of the current page.</doc>
<msg timestamp="20230921 14:05:13.977" level="INFO">${PageTitle} = Busca CEP</msg>
<status status="PASS" starttime="20230921 14:05:13.972" endtime="20230921 14:05:13.977"/>
</kw>
<kw name="Log" library="BuiltIn">
<arg>${PageTitle}</arg>
<doc>Logs the given message with the given level.</doc>
<msg timestamp="20230921 14:05:13.977" level="INFO">Busca CEP</msg>
<status status="PASS" starttime="20230921 14:05:13.977" endtime="20230921 14:05:13.977"/>
</kw>
<kw name="Set Window Size" library="SeleniumLibrary">
<arg>1440</arg>
<arg>900</arg>
<doc>Sets current windows size to given ``width`` and ``height``.</doc>
<status status="PASS" starttime="20230921 14:05:13.977" endtime="20230921 14:05:14.098"/>
</kw>
<kw name="Sleep" library="BuiltIn">
<arg>6</arg>
<doc>Pauses the test executed for the given time.</doc>
<msg timestamp="20230921 14:05:20.106" level="INFO">Slept 6 seconds</msg>
<status status="PASS" starttime="20230921 14:05:14.098" endtime="20230921 14:05:20.106"/>
</kw>
<status status="PASS" starttime="20230921 14:05:11.813" endtime="20230921 14:05:20.106"/>
</kw>
<kw name="Dado que eu estou na pagina de busca do cep" library="busca">
<kw name="Wait Until Element Is Visible" library="SeleniumLibrary">
<arg>${titulo}</arg>
<doc>Waits until the element ``locator`` is visible.</doc>
<status status="PASS" starttime="20230921 14:05:20.108" endtime="20230921 14:05:20.138"/>
</kw>
<kw name="Page Should Contain" library="SeleniumLibrary">
<arg>Busca CEP</arg>
<doc>Verifies that current page contains ``text``.</doc>
<msg timestamp="20230921 14:05:20.153" level="INFO">Current page contains text 'Busca CEP'.</msg>
<status status="PASS" starttime="20230921 14:05:20.138" endtime="20230921 14:05:20.153"/>
</kw>
<status status="PASS" starttime="20230921 14:05:20.108" endtime="20230921 14:05:20.153"/>
</kw>
<kw name="Quando eu insiro o cep &quot;69005-040&quot;" library="busca">
<kw name="Click Element" library="SeleniumLibrary">
<arg>${cep}</arg>
<doc>Click the element identified by ``locator``.</doc>
<msg timestamp="20230921 14:05:20.154" level="INFO">Clicking element 'id= endereco'.</msg>
<status status="PASS" starttime="20230921 14:05:20.154" endtime="20230921 14:05:20.201"/>
</kw>
<kw name="Input Text" library="SeleniumLibrary">
<arg>${cep}</arg>
<arg>69005-040</arg>
<doc>Types the given ``text`` into the text field identified by ``locator``.</doc>
<msg timestamp="20230921 14:05:20.201" level="INFO">Typing text '69005-040' into text field 'id= endereco'.</msg>
<status status="PASS" starttime="20230921 14:05:20.201" endtime="20230921 14:05:20.250"/>
</kw>
<kw name="Click Element" library="SeleniumLibrary">
<arg>${busca_btn}</arg>
<doc>Click the element identified by ``locator``.</doc>
<msg timestamp="20230921 14:05:20.250" level="INFO">Clicking element 'id = btn_pesquisar'.</msg>
<status status="PASS" starttime="20230921 14:05:20.250" endtime="20230921 14:05:20.282"/>
</kw>
<status status="PASS" starttime="20230921 14:05:20.154" endtime="20230921 14:05:20.282"/>
</kw>
<kw name="Então deve ser mostrado a localização &quot;Bemol&quot;" library="busca">
<kw name="Wait Until Element Is Visible" library="SeleniumLibrary">
<arg>${localizacao}</arg>
<doc>Waits until the element ``locator`` is visible.</doc>
<status status="PASS" starttime="20230921 14:05:20.283" endtime="20230921 14:05:20.436"/>
</kw>
<kw name="Page Should Contain" library="SeleniumLibrary">
<arg>Rua Miranda Leão</arg>
<doc>Verifies that current page contains ``text``.</doc>
<msg timestamp="20230921 14:05:20.448" level="INFO">Current page contains text 'Rua Miranda Leão'.</msg>
<status status="PASS" starttime="20230921 14:05:20.436" endtime="20230921 14:05:20.448"/>
</kw>
<status status="PASS" starttime="20230921 14:05:20.283" endtime="20230921 14:05:20.448"/>
</kw>
<kw name="Close Session" library="BasePage" type="TEARDOWN">
<kw name="Capture Page Screenshot" library="SeleniumLibrary">
<doc>Takes a screenshot of the current page and embeds it into a log file.</doc>
<msg timestamp="20230921 14:05:20.542" level="INFO" html="true">&lt;/td&gt;&lt;/tr&gt;&lt;tr&gt;&lt;td colspan="3"&gt;&lt;a href="selenium-screenshot-1.png"&gt;&lt;img src="selenium-screenshot-1.png" width="800px"&gt;&lt;/a&gt;</msg>
<status status="PASS" starttime="20230921 14:05:20.450" endtime="20230921 14:05:20.542"/>
</kw>
<kw name="Close Browser" library="SeleniumLibrary">
<doc>Closes the current browser.</doc>
<status status="PASS" starttime="20230921 14:05:20.542" endtime="20230921 14:05:22.711"/>
</kw>
<status status="PASS" starttime="20230921 14:05:20.449" endtime="20230921 14:05:22.711"/>
</kw>
<status status="PASS" starttime="20230921 14:05:11.812" endtime="20230921 14:05:22.711"/>
</test>
<test id="s1-t2" name="Cenario2: Pesquisa pelo nome &quot;Lojas Bemol&quot;">
<kw name="Start Session" library="BasePage" type="SETUP">
<kw name="Open Browser" library="SeleniumLibrary">
<arg>about:blank</arg>
<arg>${BROWSER}</arg>
<doc>Opens a new browser instance to the optional ``url``.</doc>
<msg timestamp="20230921 14:05:22.714" level="INFO">Opening browser 'Chrome' to base url 'about:blank'.</msg>
<status status="PASS" starttime="20230921 14:05:22.713" endtime="20230921 14:05:24.000"/>
</kw>
<kw name="Go To" library="SeleniumLibrary">
<arg>${BASEURL}</arg>
<doc>Navigates the current browser window to the provided ``url``.</doc>
<msg timestamp="20230921 14:05:24.000" level="INFO">Opening url 'https://buscacepinter.correios.com.br/app/endereco/index.php'</msg>
<status status="PASS" starttime="20230921 14:05:24.000" endtime="20230921 14:05:24.978"/>
</kw>
<kw name="Set Selenium Implicit Wait" library="SeleniumLibrary">
<arg>${TIMEOUT}</arg>
<doc>Sets the implicit wait value used by Selenium.</doc>
<status status="PASS" starttime="20230921 14:05:24.978" endtime="20230921 14:05:24.978"/>
</kw>
<kw name="Get Title" library="SeleniumLibrary">
<var>${PageTitle}</var>
<doc>Returns the title of the current page.</doc>
<msg timestamp="20230921 14:05:24.984" level="INFO">${PageTitle} = Busca CEP</msg>
<status status="PASS" starttime="20230921 14:05:24.979" endtime="20230921 14:05:24.984"/>
</kw>
<kw name="Log" library="BuiltIn">
<arg>${PageTitle}</arg>
<doc>Logs the given message with the given level.</doc>
<msg timestamp="20230921 14:05:24.984" level="INFO">Busca CEP</msg>
<status status="PASS" starttime="20230921 14:05:24.984" endtime="20230921 14:05:24.984"/>
</kw>
<kw name="Set Window Size" library="SeleniumLibrary">
<arg>1440</arg>
<arg>900</arg>
<doc>Sets current windows size to given ``width`` and ``height``.</doc>
<status status="PASS" starttime="20230921 14:05:24.984" endtime="20230921 14:05:25.110"/>
</kw>
<kw name="Sleep" library="BuiltIn">
<arg>6</arg>
<doc>Pauses the test executed for the given time.</doc>
<msg timestamp="20230921 14:05:31.111" level="INFO">Slept 6 seconds</msg>
<status status="PASS" starttime="20230921 14:05:25.110" endtime="20230921 14:05:31.111"/>
</kw>
<status status="PASS" starttime="20230921 14:05:22.713" endtime="20230921 14:05:31.111"/>
</kw>
<kw name="Dado que eu estou na pagina de busca do cep" library="busca">
<kw name="Wait Until Element Is Visible" library="SeleniumLibrary">
<arg>${titulo}</arg>
<doc>Waits until the element ``locator`` is visible.</doc>
<status status="PASS" starttime="20230921 14:05:31.112" endtime="20230921 14:05:31.137"/>
</kw>
<kw name="Page Should Contain" library="SeleniumLibrary">
<arg>Busca CEP</arg>
<doc>Verifies that current page contains ``text``.</doc>
<msg timestamp="20230921 14:05:31.148" level="INFO">Current page contains text 'Busca CEP'.</msg>
<status status="PASS" starttime="20230921 14:05:31.137" endtime="20230921 14:05:31.148"/>
</kw>
<status status="PASS" starttime="20230921 14:05:31.111" endtime="20230921 14:05:31.149"/>
</kw>
<kw name="Quando eu insiro o nome &quot;Lojas Bemol&quot;" library="busca">
<kw name="Click Element" library="SeleniumLibrary">
<arg>${cep}</arg>
<doc>Click the element identified by ``locator``.</doc>
<msg timestamp="20230921 14:05:31.149" level="INFO">Clicking element 'id= endereco'.</msg>
<status status="PASS" starttime="20230921 14:05:31.149" endtime="20230921 14:05:31.190"/>
</kw>
<kw name="Input Text" library="SeleniumLibrary">
<arg>${cep}</arg>
<arg>Lojas Bemol</arg>
<doc>Types the given ``text`` into the text field identified by ``locator``.</doc>
<msg timestamp="20230921 14:05:31.190" level="INFO">Typing text 'Lojas Bemol' into text field 'id= endereco'.</msg>
<status status="PASS" starttime="20230921 14:05:31.190" endtime="20230921 14:05:31.236"/>
</kw>
<kw name="Click Element" library="SeleniumLibrary">
<arg>${busca_btn}</arg>
<doc>Click the element identified by ``locator``.</doc>
<msg timestamp="20230921 14:05:31.237" level="INFO">Clicking element 'id = btn_pesquisar'.</msg>
<status status="PASS" starttime="20230921 14:05:31.236" endtime="20230921 14:05:31.269"/>
</kw>
<status status="PASS" starttime="20230921 14:05:31.149" endtime="20230921 14:05:31.269"/>
</kw>
<kw name="Então o endereço da loja &quot;Bemol&quot; é exibido" library="busca">
<kw name="Wait Until Element Is Visible" library="SeleniumLibrary">
<arg>${localizacao}</arg>
<doc>Waits until the element ``locator`` is visible.</doc>
<status status="PASS" starttime="20230921 14:05:31.270" endtime="20230921 14:05:31.735"/>
</kw>
<kw name="Page Should Contain" library="SeleniumLibrary">
<arg>Lojas Bemol</arg>
<doc>Verifies that current page contains ``text``.</doc>
<msg timestamp="20230921 14:05:31.744" level="INFO">Current page contains text 'Lojas Bemol'.</msg>
<status status="PASS" starttime="20230921 14:05:31.735" endtime="20230921 14:05:31.744"/>
</kw>
<kw name="Sleep" library="BuiltIn">
<arg>3</arg>
<doc>Pauses the test executed for the given time.</doc>
<msg timestamp="20230921 14:05:34.760" level="INFO">Slept 3 seconds</msg>
<status status="PASS" starttime="20230921 14:05:31.745" endtime="20230921 14:05:34.760"/>
</kw>
<status status="PASS" starttime="20230921 14:05:31.270" endtime="20230921 14:05:34.760"/>
</kw>
<kw name="Close Session" library="BasePage" type="TEARDOWN">
<kw name="Capture Page Screenshot" library="SeleniumLibrary">
<doc>Takes a screenshot of the current page and embeds it into a log file.</doc>
<msg timestamp="20230921 14:05:34.854" level="INFO" html="true">&lt;/td&gt;&lt;/tr&gt;&lt;tr&gt;&lt;td colspan="3"&gt;&lt;a href="selenium-screenshot-2.png"&gt;&lt;img src="selenium-screenshot-2.png" width="800px"&gt;&lt;/a&gt;</msg>
<status status="PASS" starttime="20230921 14:05:34.762" endtime="20230921 14:05:34.854"/>
</kw>
<kw name="Close Browser" library="SeleniumLibrary">
<doc>Closes the current browser.</doc>
<status status="PASS" starttime="20230921 14:05:34.854" endtime="20230921 14:05:37.080"/>
</kw>
<status status="PASS" starttime="20230921 14:05:34.761" endtime="20230921 14:05:37.080"/>
</kw>
<status status="PASS" starttime="20230921 14:05:22.712" endtime="20230921 14:05:37.081"/>
</test>
<status status="PASS" starttime="20230921 14:05:11.606" endtime="20230921 14:05:37.084"/>
</suite>
<statistics>
<total>
<stat pass="2" fail="0" skip="0">All Tests</stat>
</total>
<tag>
</tag>
<suite>
<stat pass="2" fail="0" skip="0" id="s1" name="Busca">Busca</stat>
</suite>
</statistics>
<errors>
</errors>
</robot>
